{"level":"info","message":"A user connected","query":{"EIO":"4","t":"s56l5uix","transport":"polling"},"timestamp":"2024-09-27T13:49:49.129Z"}
{"level":"info","message":"User disconnected","timestamp":"2024-09-27T13:49:53.398Z"}
{"level":"info","message":"A user connected","query":{"EIO":"4","t":"s5bj2nha","transport":"polling"},"timestamp":"2024-09-27T13:49:53.441Z"}
{"level":"info","message":"A user connected","query":{"EIO":"4","t":"s5ifhk73","transport":"polling"},"timestamp":"2024-09-27T13:50:02.386Z"}
{"level":"info","message":"Received message:","timestamp":"2024-09-27T13:50:06.149Z"}
{"level":"info","message":"Knowledge base loaded successfully","timestamp":"2024-09-27T13:50:06.152Z"}
{"level":"info","message":"Constructed prompt:","timestamp":"2024-09-27T13:50:06.152Z"}
{"level":"info","message":"AI response:","timestamp":"2024-09-27T13:50:07.229Z"}
{"level":"info","message":"Sending AI response:","timestamp":"2024-09-27T13:50:07.230Z"}
{"level":"info","message":"A user connected","query":{"EIO":"4","t":"s77vyuwc","transport":"polling"},"timestamp":"2024-09-27T13:51:22.037Z"}
{"level":"info","message":"A user connected","query":{"EIO":"4","t":"s8wugey6","transport":"polling"},"timestamp":"2024-09-27T13:52:41.046Z"}
{"level":"info","message":"A user connected","query":{"EIO":"4","t":"sdpou6qe","transport":"polling"},"timestamp":"2024-09-27T13:56:25.051Z"}
{"level":"info","message":"User disconnected","timestamp":"2024-09-27T14:25:21.722Z"}
{"level":"info","message":"A user connected","query":{"EIO":"4","t":"texqq1bz","transport":"polling"},"timestamp":"2024-09-27T14:25:21.751Z"}
{"level":"info","message":"Received message:","timestamp":"2024-09-27T14:39:17.012Z"}
{"level":"info","message":"Knowledge base loaded successfully","timestamp":"2024-09-27T14:39:17.014Z"}
{"level":"info","message":"Constructed prompt:","timestamp":"2024-09-27T14:39:17.015Z"}
{"level":"info","message":"AI response:","timestamp":"2024-09-27T14:39:21.581Z"}
{"level":"info","message":"Sending AI response:","timestamp":"2024-09-27T14:39:21.582Z"}
{"level":"info","message":"Received message:","timestamp":"2024-09-27T14:39:46.534Z"}
{"level":"info","message":"Constructed prompt:","timestamp":"2024-09-27T14:39:46.535Z"}
{"level":"info","message":"AI response:","timestamp":"2024-09-27T14:39:48.294Z"}
{"level":"info","message":"Sending AI response:","timestamp":"2024-09-27T14:39:48.295Z"}
{"level":"info","message":"Received message:","timestamp":"2024-09-27T14:40:22.191Z"}
{"level":"info","message":"Constructed prompt:","timestamp":"2024-09-27T14:40:22.192Z"}
{"level":"info","message":"AI response:","timestamp":"2024-09-27T14:40:24.012Z"}
{"level":"info","message":"Sending AI response:","timestamp":"2024-09-27T14:40:24.013Z"}
{"level":"info","message":"Received message:","timestamp":"2024-09-27T14:40:37.713Z"}
{"level":"info","message":"Constructed prompt:","timestamp":"2024-09-27T14:40:37.713Z"}
{"level":"info","message":"AI response:","timestamp":"2024-09-27T14:40:40.550Z"}
{"level":"info","message":"Sending AI response:","timestamp":"2024-09-27T14:40:40.551Z"}
{"level":"info","message":"Received message:","timestamp":"2024-09-27T14:41:45.866Z"}
{"level":"info","message":"Constructed prompt:","timestamp":"2024-09-27T14:41:45.866Z"}
{"level":"info","message":"AI response:","timestamp":"2024-09-27T14:41:47.253Z"}
{"level":"info","message":"Sending AI response:","timestamp":"2024-09-27T14:41:47.253Z"}
{"level":"info","message":"Received message:","timestamp":"2024-09-27T14:42:09.552Z"}
{"level":"info","message":"Constructed prompt:","timestamp":"2024-09-27T14:42:09.552Z"}
{"level":"info","message":"AI response:","timestamp":"2024-09-27T14:42:10.865Z"}
{"level":"info","message":"Sending AI response:","timestamp":"2024-09-27T14:42:10.866Z"}
{"level":"info","message":"Received message:","timestamp":"2024-09-27T14:42:31.647Z"}
{"level":"info","message":"Constructed prompt:","timestamp":"2024-09-27T14:42:31.648Z"}
{"level":"info","message":"AI response:","timestamp":"2024-09-27T14:42:33.087Z"}
{"level":"info","message":"Sending AI response:","timestamp":"2024-09-27T14:42:33.088Z"}
{"level":"info","message":"Received message:","timestamp":"2024-09-27T14:43:16.040Z"}
{"level":"info","message":"Constructed prompt:","timestamp":"2024-09-27T14:43:16.041Z"}
{"level":"info","message":"AI response:","timestamp":"2024-09-27T14:43:17.163Z"}
{"level":"info","message":"Sending AI response:","timestamp":"2024-09-27T14:43:17.164Z"}
{"level":"info","message":"Received message:","timestamp":"2024-09-27T14:43:34.571Z"}
{"level":"info","message":"Constructed prompt:","timestamp":"2024-09-27T14:43:34.572Z"}
{"level":"info","message":"AI response:","timestamp":"2024-09-27T14:43:36.208Z"}
{"level":"info","message":"Sending AI response:","timestamp":"2024-09-27T14:43:36.209Z"}
{"level":"info","message":"Received message:","timestamp":"2024-09-27T14:43:53.657Z"}
{"level":"info","message":"Constructed prompt:","timestamp":"2024-09-27T14:43:53.658Z"}
{"level":"info","message":"AI response:","timestamp":"2024-09-27T14:43:55.188Z"}
{"level":"info","message":"Sending AI response:","timestamp":"2024-09-27T14:43:55.189Z"}
{"level":"info","message":"Received message:","timestamp":"2024-09-27T14:45:26.789Z"}
{"level":"info","message":"Constructed prompt:","timestamp":"2024-09-27T14:45:26.789Z"}
{"level":"info","message":"AI response:","timestamp":"2024-09-27T14:45:28.349Z"}
{"level":"info","message":"Sending AI response:","timestamp":"2024-09-27T14:45:28.350Z"}
{"level":"info","message":"A user connected","query":{"EIO":"4","t":"ua3d4xad","transport":"polling"},"timestamp":"2024-09-27T14:49:35.373Z"}
{"level":"info","message":"User disconnected","timestamp":"2024-09-27T14:49:35.431Z"}
{"level":"info","message":"User disconnected","timestamp":"2024-09-27T14:49:35.432Z"}
{"level":"info","message":"A user connected","query":{"EIO":"4","t":"ua3ibswm","transport":"polling"},"timestamp":"2024-09-27T14:49:35.561Z"}
{"level":"info","message":"User disconnected","timestamp":"2024-09-27T14:49:36.667Z"}
{"level":"info","message":"A user connected","query":{"EIO":"4","t":"ua4dm6cb","transport":"polling"},"timestamp":"2024-09-27T14:49:36.693Z"}
{"level":"info","message":"Received message:","timestamp":"2024-09-27T14:49:47.195Z"}
{"level":"info","message":"Constructed prompt:","timestamp":"2024-09-27T14:49:47.195Z"}
{"level":"info","message":"AI response:","timestamp":"2024-09-27T14:49:53.559Z"}
{"level":"info","message":"Sending AI response:","timestamp":"2024-09-27T14:49:53.559Z"}
{"level":"info","message":"A user connected","query":{"EIO":"4","t":"uemmjh0g","transport":"polling"},"timestamp":"2024-09-27T14:53:06.958Z"}
{"level":"info","message":"A user connected","query":{"EIO":"4","t":"uengttfa","transport":"polling"},"timestamp":"2024-09-27T14:53:08.049Z"}
{"level":"info","message":"A user connected","query":{"EIO":"4","t":"fgs2w3nz","transport":"polling"},"timestamp":"2024-09-28T00:42:39.293Z"}
{"level":"info","message":"Received message:","timestamp":"2024-09-28T00:42:52.953Z"}
{"level":"info","message":"Knowledge base loaded successfully","timestamp":"2024-09-28T00:42:52.956Z"}
{"level":"info","message":"Constructed prompt:","timestamp":"2024-09-28T00:42:52.956Z"}
{"level":"info","message":"AI response:","timestamp":"2024-09-28T00:42:54.080Z"}
{"level":"info","message":"Sending AI response:","timestamp":"2024-09-28T00:42:54.080Z"}
{"level":"info","message":"Received message:","timestamp":"2024-09-28T00:43:10.860Z"}
{"level":"info","message":"Constructed prompt:","timestamp":"2024-09-28T00:43:10.861Z"}
{"level":"info","message":"AI response:","timestamp":"2024-09-28T00:43:19.636Z"}
{"level":"info","message":"Sending AI response:","timestamp":"2024-09-28T00:43:19.637Z"}
{"level":"info","message":"Received message:","timestamp":"2024-09-28T00:44:01.119Z"}
{"level":"info","message":"Constructed prompt:","timestamp":"2024-09-28T00:44:01.120Z"}
{"level":"info","message":"AI response:","timestamp":"2024-09-28T00:44:03.841Z"}
{"level":"info","message":"Sending AI response:","timestamp":"2024-09-28T00:44:03.841Z"}
{"level":"info","message":"User disconnected","timestamp":"2024-09-28T00:44:37.742Z"}
{"level":"info","message":"A user connected","query":{"EIO":"4","t":"fjbi48gk","transport":"polling"},"timestamp":"2024-09-28T00:44:37.765Z"}
{"level":"info","message":"Received message:","timestamp":"2024-09-28T00:45:28.995Z"}
{"level":"info","message":"Constructed prompt:","timestamp":"2024-09-28T00:45:28.995Z"}
{"level":"info","message":"AI response:","timestamp":"2024-09-28T00:45:30.985Z"}
{"level":"info","message":"Sending AI response:","timestamp":"2024-09-28T00:45:30.987Z"}
{"level":"info","message":"Received message:","timestamp":"2024-09-28T00:45:44.006Z"}
{"level":"info","message":"Constructed prompt:","timestamp":"2024-09-28T00:45:44.007Z"}
{"level":"info","message":"AI response:","timestamp":"2024-09-28T00:45:47.026Z"}
{"level":"info","message":"Sending AI response:","timestamp":"2024-09-28T00:45:47.027Z"}
{"level":"info","message":"Received message:","timestamp":"2024-09-28T00:55:14.176Z"}
{"level":"info","message":"Constructed prompt:","timestamp":"2024-09-28T00:55:14.177Z"}
{"level":"info","message":"AI response:","timestamp":"2024-09-28T00:55:15.549Z"}
{"level":"info","message":"Sending AI response:","timestamp":"2024-09-28T00:55:15.550Z"}
{"level":"info","message":"User disconnected","timestamp":"2024-09-28T00:59:47.949Z"}
{"level":"info","message":"A user connected","query":{"EIO":"4","t":"g2ttz3lj","transport":"polling"},"timestamp":"2024-09-28T00:59:47.980Z"}
{"level":"info","message":"A user connected","query":{"EIO":"4","t":"gl1486vm","transport":"polling"},"timestamp":"2024-09-28T01:13:57.227Z"}
{"level":"info","message":"A user connected","query":{"EIO":"4","t":"gl15628f","transport":"polling"},"timestamp":"2024-09-28T01:13:57.260Z"}
{"level":"info","message":"A user connected","query":{"EIO":"4","t":"gl6q7lb0","transport":"polling"},"timestamp":"2024-09-28T01:14:04.498Z"}
{"level":"info","message":"A user connected","query":{"EIO":"4","t":"gmv1dz2i","transport":"polling"},"timestamp":"2024-09-28T01:15:22.660Z"}
{"level":"info","message":"User disconnected","timestamp":"2024-09-28T01:15:22.694Z"}
{"level":"info","message":"User disconnected","timestamp":"2024-09-28T01:15:22.696Z"}
{"level":"info","message":"User disconnected","timestamp":"2024-09-28T01:15:22.697Z"}
{"level":"info","message":"User disconnected","timestamp":"2024-09-28T01:15:22.697Z"}
{"level":"info","message":"User disconnected","timestamp":"2024-09-28T01:15:22.698Z"}
{"level":"info","message":"A user connected","query":{"EIO":"4","t":"gmv61tfx","transport":"polling"},"timestamp":"2024-09-28T01:15:22.832Z"}
{"level":"info","message":"Received message:","timestamp":"2024-09-28T01:15:28.756Z"}
{"level":"info","message":"Constructed prompt:","timestamp":"2024-09-28T01:15:28.757Z"}
{"level":"info","message":"AI response:","timestamp":"2024-09-28T01:15:30.273Z"}
{"level":"info","message":"Sending AI response:","timestamp":"2024-09-28T01:15:30.274Z"}
{"level":"info","message":"A user connected","query":{"EIO":"4","t":"gnam4ps9","transport":"polling"},"timestamp":"2024-09-28T01:15:42.847Z"}
{"level":"info","message":"A user connected","query":{"EIO":"4","t":"gndf0u6r","transport":"polling"},"timestamp":"2024-09-28T01:15:46.478Z"}
{"level":"info","message":"Received message:","timestamp":"2024-09-28T01:15:51.759Z"}
{"level":"info","message":"Constructed prompt:","timestamp":"2024-09-28T01:15:51.760Z"}
{"level":"info","message":"AI response:","timestamp":"2024-09-28T01:15:53.198Z"}
{"level":"info","message":"Sending AI response:","timestamp":"2024-09-28T01:15:53.199Z"}
{"level":"info","message":"A user connected","query":{"EIO":"4","t":"gnqgglfj","transport":"polling"},"timestamp":"2024-09-28T01:16:03.378Z"}
{"level":"info","message":"A user connected","query":{"EIO":"4","t":"gnu5849t","transport":"polling"},"timestamp":"2024-09-28T01:16:08.159Z"}
{"level":"info","message":"A user connected","query":{"EIO":"4","t":"go3dxk2l","transport":"polling"},"timestamp":"2024-09-28T01:16:20.135Z"}
{"level":"info","message":"A user connected","query":{"EIO":"4","t":"go9mv7bx","transport":"polling"},"timestamp":"2024-09-28T01:16:28.234Z"}
{"level":"info","message":"Received message:","timestamp":"2024-09-28T01:16:37.403Z"}
{"level":"info","message":"Constructed prompt:","timestamp":"2024-09-28T01:16:37.404Z"}
{"level":"info","message":"AI response:","timestamp":"2024-09-28T01:16:39.983Z"}
{"level":"info","message":"Sending AI response:","timestamp":"2024-09-28T01:16:39.984Z"}
{"level":"info","message":"A user connected","query":{"EIO":"4","t":"grl70bsg","transport":"polling"},"timestamp":"2024-09-28T01:19:03.184Z"}
{"level":"info","message":"Received message:","timestamp":"2024-09-28T01:19:08.720Z"}
{"level":"info","message":"Constructed prompt:","timestamp":"2024-09-28T01:19:08.721Z"}
{"level":"info","message":"AI response:","timestamp":"2024-09-28T01:19:09.979Z"}
{"level":"info","message":"Sending AI response:","timestamp":"2024-09-28T01:19:09.980Z"}
{"level":"info","message":"Received message:","timestamp":"2024-09-28T01:19:26.444Z"}
{"level":"info","message":"Constructed prompt:","timestamp":"2024-09-28T01:19:26.445Z"}
{"level":"info","message":"AI response:","timestamp":"2024-09-28T01:19:29.553Z"}
{"level":"info","message":"Sending AI response:","timestamp":"2024-09-28T01:19:29.554Z"}
{"level":"info","message":"Received message:","timestamp":"2024-09-28T01:20:13.962Z"}
{"level":"info","message":"Constructed prompt:","timestamp":"2024-09-28T01:20:13.963Z"}
{"level":"info","message":"AI response:","timestamp":"2024-09-28T01:20:14.887Z"}
{"level":"info","message":"Sending AI response:","timestamp":"2024-09-28T01:20:14.888Z"}
{"level":"info","message":"Received message:","timestamp":"2024-09-28T01:20:49.947Z"}
{"level":"info","message":"Constructed prompt:","timestamp":"2024-09-28T01:20:49.948Z"}
{"level":"info","message":"AI response:","timestamp":"2024-09-28T01:20:51.722Z"}
{"level":"info","message":"Sending AI response:","timestamp":"2024-09-28T01:20:51.722Z"}
{"level":"info","message":"A user connected","query":{"EIO":"4","t":"gubj73ft","transport":"polling"},"timestamp":"2024-09-28T01:21:10.632Z"}
{"level":"info","message":"Received message:","timestamp":"2024-09-28T01:21:26.261Z"}
{"level":"info","message":"Constructed prompt:","timestamp":"2024-09-28T01:21:26.262Z"}
{"level":"info","message":"AI response:","timestamp":"2024-09-28T01:21:28.911Z"}
{"level":"info","message":"Sending AI response:","timestamp":"2024-09-28T01:21:28.912Z"}
{"level":"info","message":"Received message:","timestamp":"2024-09-28T01:22:01.568Z"}
{"level":"info","message":"Constructed prompt:","timestamp":"2024-09-28T01:22:01.569Z"}
{"level":"info","message":"AI response:","timestamp":"2024-09-28T01:22:02.792Z"}
{"level":"info","message":"Sending AI response:","timestamp":"2024-09-28T01:22:02.793Z"}
{"level":"info","message":"A user connected","query":{"EIO":"4","t":"h0jh6e5e","transport":"polling"},"timestamp":"2024-09-28T01:26:00.862Z"}
{"level":"info","message":"User disconnected","timestamp":"2024-09-28T01:26:01.904Z"}
{"level":"info","message":"User disconnected","timestamp":"2024-09-28T01:26:01.907Z"}
{"level":"info","message":"User disconnected","timestamp":"2024-09-28T01:26:01.907Z"}
{"level":"info","message":"User disconnected","timestamp":"2024-09-28T01:26:01.908Z"}
{"level":"info","message":"User disconnected","timestamp":"2024-09-28T01:26:01.908Z"}
{"level":"info","message":"User disconnected","timestamp":"2024-09-28T01:26:01.908Z"}
{"level":"info","message":"User disconnected","timestamp":"2024-09-28T01:26:01.908Z"}
{"level":"info","message":"User disconnected","timestamp":"2024-09-28T01:26:01.909Z"}
{"level":"info","message":"User disconnected","timestamp":"2024-09-28T01:26:01.909Z"}
{"level":"info","message":"User disconnected","timestamp":"2024-09-28T01:26:01.910Z"}
{"level":"info","message":"A user connected","query":{"EIO":"4","t":"h0kbmuy8","transport":"polling"},"timestamp":"2024-09-28T01:26:01.958Z"}
{"level":"info","message":"User disconnected","timestamp":"2024-09-28T01:26:11.346Z"}
{"level":"info","message":"A user connected","query":{"EIO":"4","t":"h0uvkmdb","transport":"polling"},"timestamp":"2024-09-28T01:26:15.638Z"}
{"level":"info","message":"User disconnected","timestamp":"2024-09-28T01:37:01.454Z"}
{"level":"info","message":"A user connected","query":{"EIO":"4","t":"hfssu2xd","transport":"polling"},"timestamp":"2024-09-28T01:37:52.791Z"}
{"level":"info","message":"Received message:","timestamp":"2024-09-28T01:37:56.013Z"}
{"level":"info","message":"Constructed prompt:","timestamp":"2024-09-28T01:37:56.014Z"}
{"level":"info","message":"AI response:","timestamp":"2024-09-28T01:37:56.969Z"}
{"level":"info","message":"Sending AI response:","timestamp":"2024-09-28T01:37:56.970Z"}
{"level":"info","message":"Received message:","timestamp":"2024-09-28T01:47:27.056Z"}
{"level":"info","message":"Constructed prompt:","timestamp":"2024-09-28T01:47:27.056Z"}
{"level":"info","message":"AI response:","timestamp":"2024-09-28T01:47:28.532Z"}
{"level":"info","message":"Sending AI response:","timestamp":"2024-09-28T01:47:28.533Z"}
{"level":"info","message":"Received message:","timestamp":"2024-09-28T01:52:06.648Z"}
{"level":"info","message":"Constructed prompt:","timestamp":"2024-09-28T01:52:06.649Z"}
{"level":"info","message":"AI response:","timestamp":"2024-09-28T01:52:07.728Z"}
{"level":"info","message":"Sending AI response:","timestamp":"2024-09-28T01:52:07.729Z"}
{"level":"info","message":"A user connected","query":{"EIO":"4","t":"hyels8bv","transport":"polling"},"timestamp":"2024-09-28T01:52:20.866Z"}
{"level":"info","message":"Received message:","timestamp":"2024-09-28T01:52:24.059Z"}
{"level":"info","message":"Knowledge base loaded successfully","timestamp":"2024-09-28T01:52:24.061Z"}
{"level":"info","message":"Constructed prompt:","timestamp":"2024-09-28T01:52:24.061Z"}
{"level":"info","message":"AI response:","timestamp":"2024-09-28T01:52:25.123Z"}
{"level":"info","message":"Sending AI response:","timestamp":"2024-09-28T01:52:25.123Z"}
{"level":"info","message":"Received message:","timestamp":"2024-09-28T01:52:34.127Z"}
{"level":"info","message":"Constructed prompt:","timestamp":"2024-09-28T01:52:34.128Z"}
{"level":"info","message":"AI response:","timestamp":"2024-09-28T01:52:35.209Z"}
{"level":"info","message":"Sending AI response:","timestamp":"2024-09-28T01:52:35.210Z"}
{"level":"info","message":"Received message:","timestamp":"2024-09-28T01:53:37.689Z"}
{"level":"info","message":"Constructed prompt:","timestamp":"2024-09-28T01:53:37.690Z"}
{"level":"info","message":"AI response:","timestamp":"2024-09-28T01:53:40.261Z"}
{"level":"info","message":"Sending AI response:","timestamp":"2024-09-28T01:53:40.261Z"}
{"level":"info","message":"A user connected","query":{"EIO":"4","t":"i4zdgjhc","transport":"polling"},"timestamp":"2024-09-28T01:57:27.718Z"}
{"level":"info","message":"User disconnected","timestamp":"2024-09-28T02:00:02.536Z"}
{"level":"info","message":"A user connected","query":{"EIO":"4","t":"i8avcm9i","transport":"polling"},"timestamp":"2024-09-28T02:00:02.585Z"}
{"level":"info","message":"User disconnected","timestamp":"2024-09-28T02:00:05.916Z"}
{"level":"info","message":"A user connected","query":{"EIO":"4","t":"i8dh1fq5","transport":"polling"},"timestamp":"2024-09-28T02:00:05.953Z"}
{"level":"info","message":"User disconnected","timestamp":"2024-09-28T02:00:19.178Z"}
{"level":"info","message":"A user connected","query":{"EIO":"4","t":"i8ulsqy5","transport":"polling"},"timestamp":"2024-09-28T02:00:28.157Z"}
{"level":"info","message":"User disconnected","timestamp":"2024-09-28T02:00:29.123Z"}
{"level":"info","message":"A user connected","query":{"EIO":"4","t":"i8vdjxhx","transport":"polling"},"timestamp":"2024-09-28T02:00:29.153Z"}
{"level":"info","message":"User disconnected","timestamp":"2024-09-28T02:00:37.743Z"}
{"level":"info","message":"A user connected","query":{"EIO":"4","t":"i921gc08","transport":"polling"},"timestamp":"2024-09-28T02:00:37.793Z"}
{"level":"info","message":"User disconnected","timestamp":"2024-09-28T02:02:22.229Z"}
{"level":"info","message":"A user connected","query":{"EIO":"4","t":"ibankjap","transport":"polling"},"timestamp":"2024-09-28T02:02:22.265Z"}
{"level":"info","message":"User disconnected","timestamp":"2024-09-28T02:02:24.952Z"}
{"level":"info","message":"A user connected","query":{"EIO":"4","t":"ibcr8bs4","transport":"polling"},"timestamp":"2024-09-28T02:02:24.984Z"}
{"level":"info","message":"User disconnected","timestamp":"2024-09-28T02:02:25.922Z"}
{"level":"info","message":"A user connected","query":{"EIO":"4","t":"ibdhy046","transport":"polling"},"timestamp":"2024-09-28T02:02:25.953Z"}
{"level":"info","message":"User disconnected","timestamp":"2024-09-28T02:02:26.957Z"}
{"level":"info","message":"A user connected","query":{"EIO":"4","t":"ibeang6z","transport":"polling"},"timestamp":"2024-09-28T02:02:26.985Z"}
{"level":"info","message":"User disconnected","timestamp":"2024-09-28T02:02:27.870Z"}
{"level":"info","message":"A user connected","query":{"EIO":"4","t":"ibf00mmv","transport":"polling"},"timestamp":"2024-09-28T02:02:27.896Z"}
{"level":"info","message":"User disconnected","timestamp":"2024-09-28T02:02:28.779Z"}
{"level":"info","message":"A user connected","query":{"EIO":"4","t":"ibfp9n47","transport":"polling"},"timestamp":"2024-09-28T02:02:28.806Z"}
{"level":"info","message":"User disconnected","timestamp":"2024-09-28T02:02:29.532Z"}
{"level":"info","message":"A user connected","query":{"EIO":"4","t":"ibga62cz","transport":"polling"},"timestamp":"2024-09-28T02:02:29.560Z"}
{"level":"info","message":"User disconnected","timestamp":"2024-09-28T02:02:30.371Z"}
{"level":"info","message":"A user connected","query":{"EIO":"4","t":"ibgxjbc9","transport":"polling"},"timestamp":"2024-09-28T02:02:30.401Z"}
{"level":"info","message":"User disconnected","timestamp":"2024-09-28T02:02:31.321Z"}
{"level":"info","message":"A user connected","query":{"EIO":"4","t":"ibhnyfrt","transport":"polling"},"timestamp":"2024-09-28T02:02:31.351Z"}
{"level":"info","message":"User disconnected","timestamp":"2024-09-28T02:02:32.268Z"}
{"level":"info","message":"A user connected","query":{"EIO":"4","t":"ibie7bwn","transport":"polling"},"timestamp":"2024-09-28T02:02:32.297Z"}
{"level":"info","message":"User disconnected","timestamp":"2024-09-28T02:04:14.957Z"}
{"level":"info","message":"A user connected","query":{"EIO":"4","t":"idpmxc1a","transport":"polling"},"timestamp":"2024-09-28T02:04:14.995Z"}
{"level":"info","message":"User disconnected","timestamp":"2024-09-28T02:05:29.202Z"}
{"level":"info","message":"A user connected","query":{"EIO":"4","t":"ifaxaqhu","transport":"polling"},"timestamp":"2024-09-28T02:05:29.240Z"}
{"level":"info","message":"User disconnected","timestamp":"2024-09-28T02:05:33.660Z"}
{"level":"info","message":"A user connected","query":{"EIO":"4","t":"ifed1cbf","transport":"polling"},"timestamp":"2024-09-28T02:05:33.695Z"}
{"level":"info","message":"User disconnected","timestamp":"2024-09-28T02:05:40.562Z"}
{"level":"info","message":"A user connected","query":{"EIO":"4","t":"ifjosjov","transport":"polling"},"timestamp":"2024-09-28T02:05:40.597Z"}
{"level":"info","message":"User disconnected","timestamp":"2024-09-28T02:05:47.435Z"}
{"level":"info","message":"A user connected","query":{"EIO":"4","t":"ifozn4wc","transport":"polling"},"timestamp":"2024-09-28T02:05:47.468Z"}
{"level":"info","message":"User disconnected","timestamp":"2024-09-28T02:05:59.580Z"}
{"level":"info","message":"A user connected","query":{"EIO":"4","t":"ifyd4pz4","transport":"polling"},"timestamp":"2024-09-28T02:05:59.617Z"}
{"level":"info","message":"User disconnected","timestamp":"2024-09-28T02:06:06.837Z"}
{"level":"info","message":"A user connected","query":{"EIO":"4","t":"ig3ypeeh","transport":"polling"},"timestamp":"2024-09-28T02:06:06.874Z"}
{"level":"info","message":"User disconnected","timestamp":"2024-09-28T02:08:32.944Z"}
{"level":"info","message":"A user connected","query":{"EIO":"4","t":"ij8p8pzh","transport":"polling"},"timestamp":"2024-09-28T02:08:32.983Z"}
{"level":"info","message":"Received message:","timestamp":"2024-09-28T02:08:41.074Z"}
{"level":"info","message":"Knowledge base loaded successfully","timestamp":"2024-09-28T02:08:41.076Z"}
{"level":"info","message":"Constructed prompt:","timestamp":"2024-09-28T02:08:41.076Z"}
{"level":"info","message":"AI response:","timestamp":"2024-09-28T02:08:42.022Z"}
{"level":"info","message":"Sending AI response:","timestamp":"2024-09-28T02:08:42.023Z"}
{"level":"info","message":"Received message:","timestamp":"2024-09-28T02:10:31.262Z"}
{"level":"info","message":"Constructed prompt:","timestamp":"2024-09-28T02:10:31.262Z"}
{"level":"info","message":"AI response:","timestamp":"2024-09-28T02:10:32.343Z"}
{"level":"info","message":"Sending AI response:","timestamp":"2024-09-28T02:10:32.343Z"}
{"level":"info","message":"User disconnected","timestamp":"2024-09-28T02:13:05.804Z"}
{"level":"info","message":"A user connected","query":{"EIO":"4","t":"ip38n9cr","transport":"polling"},"timestamp":"2024-09-28T02:13:05.842Z"}
{"level":"info","message":"Received message:","timestamp":"2024-09-28T02:13:16.729Z"}
{"level":"info","message":"Constructed prompt:","timestamp":"2024-09-28T02:13:16.730Z"}
{"level":"info","message":"AI response:","timestamp":"2024-09-28T02:13:18.447Z"}
{"level":"info","message":"Sending AI response:","timestamp":"2024-09-28T02:13:18.448Z"}
{"level":"info","message":"Received message:","timestamp":"2024-09-28T02:13:24.453Z"}
{"level":"info","message":"Constructed prompt:","timestamp":"2024-09-28T02:13:24.454Z"}
{"level":"info","message":"AI response:","timestamp":"2024-09-28T02:13:28.089Z"}
{"level":"info","message":"Sending AI response:","timestamp":"2024-09-28T02:13:28.089Z"}
{"level":"info","message":"User disconnected","timestamp":"2024-09-28T02:15:33.691Z"}
{"level":"info","message":"A user connected","query":{"EIO":"4","t":"is9cmbmj","transport":"polling"},"timestamp":"2024-09-28T02:15:33.729Z"}
{"level":"info","message":"Received message:","timestamp":"2024-09-28T02:15:52.798Z"}
{"level":"info","message":"Constructed prompt:","timestamp":"2024-09-28T02:15:52.799Z"}
{"level":"info","message":"AI response:","timestamp":"2024-09-28T02:15:55.944Z"}
{"level":"info","message":"Sending AI response:","timestamp":"2024-09-28T02:15:55.945Z"}
{"level":"info","message":"User disconnected","timestamp":"2024-09-28T02:16:01.247Z"}
{"level":"info","message":"A user connected","query":{"EIO":"4","t":"isum1k7q","transport":"polling"},"timestamp":"2024-09-28T02:16:01.283Z"}
{"level":"info","message":"A user connected","query":{"EIO":"4","t":"isxy60zf","transport":"polling"},"timestamp":"2024-09-28T02:16:05.639Z"}
{"level":"info","message":"Received message:","timestamp":"2024-09-28T02:16:11.515Z"}
{"level":"info","message":"Constructed prompt:","timestamp":"2024-09-28T02:16:11.516Z"}
{"level":"info","message":"AI response:","timestamp":"2024-09-28T02:16:14.107Z"}
{"level":"info","message":"Sending AI response:","timestamp":"2024-09-28T02:16:14.107Z"}
{"level":"info","message":"User disconnected","timestamp":"2024-09-28T02:16:18.132Z"}
{"level":"info","message":"A user connected","query":{"EIO":"4","t":"izjo1vql","transport":"polling"},"timestamp":"2024-09-28T02:21:13.687Z"}
{"level":"info","message":"Received message:","timestamp":"2024-09-28T02:21:20.483Z"}
{"level":"info","message":"Constructed prompt:","timestamp":"2024-09-28T02:21:20.484Z"}
{"level":"info","message":"AI response:","timestamp":"2024-09-28T02:21:23.707Z"}
{"level":"info","message":"Sending AI response:","timestamp":"2024-09-28T02:21:23.707Z"}
{"level":"info","message":"User disconnected","timestamp":"2024-09-28T02:21:49.606Z"}
{"level":"info","message":"User disconnected","timestamp":"2024-09-28T02:21:52.663Z"}
{"level":"info","message":"A user connected","query":{"EIO":"4","t":"j0fw4wjz","transport":"polling"},"timestamp":"2024-09-28T02:21:55.451Z"}
{"level":"info","message":"Received message:","timestamp":"2024-09-28T02:22:03.525Z"}
{"level":"info","message":"Constructed prompt:","timestamp":"2024-09-28T02:22:03.526Z"}
{"level":"info","message":"AI response:","timestamp":"2024-09-28T02:22:06.703Z"}
{"level":"info","message":"Sending AI response:","timestamp":"2024-09-28T02:22:06.703Z"}
{"level":"info","message":"User disconnected","timestamp":"2024-09-28T02:24:37.498Z"}
{"level":"info","message":"A user connected","query":{"EIO":"4","t":"j3wyado0","transport":"polling"},"timestamp":"2024-09-28T02:24:37.544Z"}
{"level":"info","message":"Received message:","timestamp":"2024-09-28T02:24:50.669Z"}
{"level":"info","message":"Constructed prompt:","timestamp":"2024-09-28T02:24:50.670Z"}
{"level":"info","message":"AI response:","timestamp":"2024-09-28T02:24:54.924Z"}
{"level":"info","message":"Sending AI response:","timestamp":"2024-09-28T02:24:54.925Z"}
{"level":"info","message":"User disconnected","timestamp":"2024-09-28T02:26:03.146Z"}
{"level":"info","message":"A user connected","query":{"EIO":"4","t":"j5r1gzfl","transport":"polling"},"timestamp":"2024-09-28T02:26:03.184Z"}
{"level":"info","message":"User disconnected","timestamp":"2024-09-28T02:29:48.845Z"}
{"level":"info","message":"A user connected","query":{"EIO":"4","t":"jal6x0jn","transport":"polling"},"timestamp":"2024-09-28T02:29:48.883Z"}
{"level":"info","message":"Received message:","timestamp":"2024-09-28T02:29:59.734Z"}
{"level":"info","message":"Constructed prompt:","timestamp":"2024-09-28T02:29:59.735Z"}
{"level":"info","message":"AI response:","timestamp":"2024-09-28T02:30:02.244Z"}
{"level":"info","message":"Sending AI response:","timestamp":"2024-09-28T02:30:02.244Z"}
{"level":"info","message":"A user connected","query":{"EIO":"4","t":"jgugvhyi","transport":"polling"},"timestamp":"2024-09-28T02:34:40.853Z"}
{"level":"info","message":"Received message:","timestamp":"2024-09-28T02:34:48.244Z"}
{"level":"info","message":"Constructed prompt:","timestamp":"2024-09-28T02:34:48.244Z"}
{"level":"info","message":"AI response:","timestamp":"2024-09-28T02:34:52.672Z"}
{"level":"info","message":"Sending AI response:","timestamp":"2024-09-28T02:34:52.673Z"}
{"level":"info","message":"User disconnected","timestamp":"2024-09-28T02:34:59.953Z"}
{"level":"info","message":"User disconnected","timestamp":"2024-09-28T02:38:05.638Z"}
{"level":"info","message":"A user connected","query":{"EIO":"4","t":"jl8is7pj","transport":"polling"},"timestamp":"2024-09-28T02:38:05.672Z"}
{"level":"info","message":"User disconnected","timestamp":"2024-09-28T02:38:14.566Z"}
{"level":"info","message":"A user connected","query":{"EIO":"4","t":"jlfepnvw","transport":"polling"},"timestamp":"2024-09-28T02:38:14.603Z"}
{"level":"info","message":"User disconnected","timestamp":"2024-09-28T02:38:15.394Z"}
{"level":"info","message":"A user connected","query":{"EIO":"4","t":"jlg1i5b9","transport":"polling"},"timestamp":"2024-09-28T02:38:15.423Z"}
{"level":"info","message":"User disconnected","timestamp":"2024-09-28T02:38:16.237Z"}
{"level":"info","message":"A user connected","query":{"EIO":"4","t":"jlgoxps5","transport":"polling"},"timestamp":"2024-09-28T02:38:16.267Z"}
{"level":"info","message":"User disconnected","timestamp":"2024-09-28T02:38:17.239Z"}
{"level":"info","message":"A user connected","query":{"EIO":"4","t":"jlhgrqyy","transport":"polling"},"timestamp":"2024-09-28T02:38:17.270Z"}
{"level":"info","message":"User disconnected","timestamp":"2024-09-28T02:38:18.056Z"}
{"level":"info","message":"A user connected","query":{"EIO":"4","t":"jli3fogz","transport":"polling"},"timestamp":"2024-09-28T02:38:18.086Z"}
{"level":"info","message":"User disconnected","timestamp":"2024-09-28T02:38:52.017Z"}
{"level":"info","message":"A user connected","query":{"EIO":"4","t":"jm8b2sms","transport":"polling"},"timestamp":"2024-09-28T02:38:52.059Z"}
{"level":"info","message":"User disconnected","timestamp":"2024-09-28T02:38:53.997Z"}
{"level":"info","message":"A user connected","query":{"EIO":"4","t":"jm9tuc14","transport":"polling"},"timestamp":"2024-09-28T02:38:54.029Z"}
{"level":"info","message":"User disconnected","timestamp":"2024-09-28T02:38:57.689Z"}
{"level":"info","message":"A user connected","query":{"EIO":"4","t":"jmcog8hv","transport":"polling"},"timestamp":"2024-09-28T02:38:57.715Z"}
{"level":"info","message":"User disconnected","timestamp":"2024-09-28T02:39:01.022Z"}
{"level":"info","message":"A user connected","query":{"EIO":"4","t":"jmf90jqj","transport":"polling"},"timestamp":"2024-09-28T02:39:01.054Z"}
{"level":"info","message":"User disconnected","timestamp":"2024-09-28T02:39:04.879Z"}
{"level":"info","message":"A user connected","query":{"EIO":"4","t":"jmi84pko","transport":"polling"},"timestamp":"2024-09-28T02:39:04.913Z"}
{"level":"info","message":"User disconnected","timestamp":"2024-09-28T02:39:09.404Z"}
{"level":"info","message":"A user connected","query":{"EIO":"4","t":"jmlpvesa","transport":"polling"},"timestamp":"2024-09-28T02:39:09.430Z"}
{"level":"info","message":"Received message:","timestamp":"2024-09-28T03:08:27.098Z"}
{"level":"info","message":"Constructed prompt:","timestamp":"2024-09-28T03:08:27.099Z"}
{"level":"info","message":"AI response:","timestamp":"2024-09-28T03:08:30.554Z"}
{"level":"info","message":"Sending AI response:","timestamp":"2024-09-28T03:08:30.555Z"}
{"level":"info","message":"User disconnected","timestamp":"2024-09-28T03:11:06.361Z"}
{"level":"info","message":"A user connected","query":{"EIO":"4","t":"krouzouo","transport":"polling"},"timestamp":"2024-09-28T03:11:06.405Z"}
{"level":"info","message":"Received message:","timestamp":"2024-09-28T03:11:14.135Z"}
{"level":"info","message":"Constructed prompt:","timestamp":"2024-09-28T03:11:14.136Z"}
{"level":"info","message":"AI response:","timestamp":"2024-09-28T03:11:16.696Z"}
{"level":"info","message":"Sending AI response:","timestamp":"2024-09-28T03:11:16.696Z"}
{"level":"info","message":"User disconnected","timestamp":"2024-09-28T03:12:06.148Z"}
{"level":"info","message":"A user connected","query":{"EIO":"4","t":"ksz1h1fn","transport":"polling"},"timestamp":"2024-09-28T03:12:06.257Z"}
{"level":"info","message":"User disconnected","timestamp":"2024-09-28T03:12:25.900Z"}
{"level":"info","message":"A user connected","query":{"EIO":"4","t":"ktean4ci","transport":"polling"},"timestamp":"2024-09-28T03:12:26.027Z"}
{"level":"info","message":"Received message:","timestamp":"2024-09-28T03:12:38.415Z"}
{"level":"info","message":"Constructed prompt:","timestamp":"2024-09-28T03:12:38.416Z"}
{"level":"info","message":"AI response:","timestamp":"2024-09-28T03:12:41.284Z"}
{"level":"info","message":"Sending AI response:","timestamp":"2024-09-28T03:12:41.284Z"}
{"level":"info","message":"User disconnected","timestamp":"2024-09-28T03:17:44.038Z"}
{"level":"info","message":"A user connected","query":{"EIO":"4","t":"l07rhs86","transport":"polling"},"timestamp":"2024-09-28T03:17:44.151Z"}
{"level":"info","message":"Received message:","timestamp":"2024-09-28T03:17:51.790Z"}
{"level":"info","message":"Constructed prompt:","timestamp":"2024-09-28T03:17:51.791Z"}
{"level":"info","message":"AI response:","timestamp":"2024-09-28T03:17:54.386Z"}
{"level":"info","message":"Sending AI response:","timestamp":"2024-09-28T03:17:54.386Z"}
{"level":"info","message":"User disconnected","timestamp":"2024-09-28T03:23:04.551Z"}
{"level":"info","message":"A user connected","query":{"EIO":"4","t":"l7334ndc","transport":"polling"},"timestamp":"2024-09-28T03:23:04.685Z"}
